<?xml version="1.0" encoding="UTF-8"?>
<testsuite name="models.FoodtypeTest" tests="3" skipped="0" failures="0" errors="0" timestamp="2020-01-13T02:38:51" hostname="adwesh-HP-ENVY-x360-m6-Convertible" time="0.003">
  <properties/>
  <testcase name="getName" classname="models.FoodtypeTest" time="0.002"/>
  <testcase name="setId" classname="models.FoodtypeTest" time="0.0"/>
  <testcase name="setName" classname="models.FoodtypeTest" time="0.0"/>
  <system-out><![CDATA[]]></system-out>
  <system-err><![CDATA[]]></system-err>
</testsuite>
