<?xml version="1.0" encoding="UTF-8"?>
<testsuite name="dao.Sql2oReviewDaoTest" tests="5" skipped="0" failures="0" errors="0" timestamp="2020-01-13T11:45:58" hostname="adwesh-HP-ENVY-x360-m6-Convertible" time="0.286">
  <properties/>
  <testcase name="getAllReviewsByRestaurant" classname="dao.Sql2oReviewDaoTest" time="0.225"/>
  <testcase name="getAll" classname="dao.Sql2oReviewDaoTest" time="0.011"/>
  <testcase name="addingReviewSetsId" classname="dao.Sql2oReviewDaoTest" time="0.022"/>
  <testcase name="clearAll" classname="dao.Sql2oReviewDaoTest" time="0.013"/>
  <testcase name="deleteById" classname="dao.Sql2oReviewDaoTest" time="0.013"/>
  <system-out><![CDATA[]]></system-out>
  <system-err><![CDATA[]]></system-err>
</testsuite>
